[2025-05-12 11:17:13Z INFO HostContext] No proxy settings were found based on environmental variables (http_proxy/https_proxy/HTTP_PROXY/HTTPS_PROXY)
[2025-05-12 11:17:13Z INFO HostContext] Well known directory 'Bin': 'D:\Projects\airplane-management-system-main\airplane-management-system-main\app\actions-runner\bin'
[2025-05-12 11:17:13Z INFO HostContext] Well known directory 'Root': 'D:\Projects\airplane-management-system-main\airplane-management-system-main\app\actions-runner'
[2025-05-12 11:17:13Z INFO HostContext] Well known config file 'Credentials': 'D:\Projects\airplane-management-system-main\airplane-management-system-main\app\actions-runner\.credentials'
[2025-05-12 11:17:13Z INFO HostContext] Well known directory 'Bin': 'D:\Projects\airplane-management-system-main\airplane-management-system-main\app\actions-runner\bin'
[2025-05-12 11:17:13Z INFO HostContext] Well known directory 'Root': 'D:\Projects\airplane-management-system-main\airplane-management-system-main\app\actions-runner'
[2025-05-12 11:17:13Z INFO HostContext] Well known config file 'Runner': 'D:\Projects\airplane-management-system-main\airplane-management-system-main\app\actions-runner\.runner'
[2025-05-12 11:17:13Z INFO Listener] Runner is built for Windows (X64) - win-x64.
[2025-05-12 11:17:13Z INFO Listener] RuntimeInformation: Microsoft Windows 10.0.26100.
[2025-05-12 11:17:13Z INFO Listener] Version: 2.323.0
[2025-05-12 11:17:13Z INFO Listener] Commit: d8b82f44a9ec0258904d5869ae683c31d5aac299
[2025-05-12 11:17:13Z INFO Listener] Culture: en-US
[2025-05-12 11:17:13Z INFO Listener] UI Culture: en-US
[2025-05-12 11:17:13Z INFO HostContext] Well known directory 'Bin': 'D:\Projects\airplane-management-system-main\airplane-management-system-main\app\actions-runner\bin'
[2025-05-12 11:17:13Z INFO HostContext] Well known directory 'Root': 'D:\Projects\airplane-management-system-main\airplane-management-system-main\app\actions-runner'
[2025-05-12 11:17:13Z INFO Listener] Validating directory permissions for: 'D:\Projects\airplane-management-system-main\airplane-management-system-main\app\actions-runner'
[2025-05-12 11:17:13Z INFO CommandLineParser] Parse
[2025-05-12 11:17:13Z INFO CommandLineParser] Parsing 5 args
[2025-05-12 11:17:13Z INFO CommandLineParser] parsing argument
[2025-05-12 11:17:13Z INFO CommandLineParser] HasArgs: False
[2025-05-12 11:17:13Z INFO CommandLineParser] Adding Command: configure
[2025-05-12 11:17:13Z INFO CommandLineParser] parsing argument
[2025-05-12 11:17:13Z INFO CommandLineParser] HasArgs: True
[2025-05-12 11:17:13Z INFO CommandLineParser] arg: url
[2025-05-12 11:17:13Z INFO CommandLineParser] parsing argument
[2025-05-12 11:17:13Z INFO CommandLineParser] HasArgs: True
[2025-05-12 11:17:13Z INFO CommandLineParser] Adding option 'url': 'https://github.com/starxninja/Air-Fleet-Main'
[2025-05-12 11:17:13Z INFO CommandLineParser] parsing argument
[2025-05-12 11:17:13Z INFO CommandLineParser] HasArgs: True
[2025-05-12 11:17:13Z INFO CommandLineParser] arg: token
[2025-05-12 11:17:13Z INFO CommandLineParser] parsing argument
[2025-05-12 11:17:13Z INFO CommandLineParser] HasArgs: True
[2025-05-12 11:17:13Z INFO CommandLineParser] Adding option 'token': '***'
[2025-05-12 11:17:13Z INFO Listener] Arguments parsed
[2025-05-12 11:17:13Z INFO Runner] ExecuteCommand
[2025-05-12 11:17:13Z INFO ConfigurationStore] currentAssemblyLocation: D:\Projects\airplane-management-system-main\airplane-management-system-main\app\actions-runner\bin\Runner.Listener.dll
[2025-05-12 11:17:13Z INFO HostContext] Well known directory 'Bin': 'D:\Projects\airplane-management-system-main\airplane-management-system-main\app\actions-runner\bin'
[2025-05-12 11:17:13Z INFO ConfigurationStore] binPath: D:\Projects\airplane-management-system-main\airplane-management-system-main\app\actions-runner\bin
[2025-05-12 11:17:13Z INFO HostContext] Well known directory 'Bin': 'D:\Projects\airplane-management-system-main\airplane-management-system-main\app\actions-runner\bin'
[2025-05-12 11:17:13Z INFO HostContext] Well known directory 'Root': 'D:\Projects\airplane-management-system-main\airplane-management-system-main\app\actions-runner'
[2025-05-12 11:17:13Z INFO ConfigurationStore] RootFolder: D:\Projects\airplane-management-system-main\airplane-management-system-main\app\actions-runner
[2025-05-12 11:17:13Z INFO HostContext] Well known directory 'Bin': 'D:\Projects\airplane-management-system-main\airplane-management-system-main\app\actions-runner\bin'
[2025-05-12 11:17:13Z INFO HostContext] Well known directory 'Root': 'D:\Projects\airplane-management-system-main\airplane-management-system-main\app\actions-runner'
[2025-05-12 11:17:13Z INFO HostContext] Well known config file 'Runner': 'D:\Projects\airplane-management-system-main\airplane-management-system-main\app\actions-runner\.runner'
[2025-05-12 11:17:13Z INFO ConfigurationStore] ConfigFilePath: D:\Projects\airplane-management-system-main\airplane-management-system-main\app\actions-runner\.runner
[2025-05-12 11:17:13Z INFO HostContext] Well known directory 'Bin': 'D:\Projects\airplane-management-system-main\airplane-management-system-main\app\actions-runner\bin'
[2025-05-12 11:17:13Z INFO HostContext] Well known directory 'Root': 'D:\Projects\airplane-management-system-main\airplane-management-system-main\app\actions-runner'
[2025-05-12 11:17:13Z INFO HostContext] Well known config file 'MigratedRunner': 'D:\Projects\airplane-management-system-main\airplane-management-system-main\app\actions-runner\.runner_migrated'
[2025-05-12 11:17:13Z INFO ConfigurationStore] MigratedConfigFilePath: D:\Projects\airplane-management-system-main\airplane-management-system-main\app\actions-runner\.runner_migrated
[2025-05-12 11:17:13Z INFO HostContext] Well known directory 'Bin': 'D:\Projects\airplane-management-system-main\airplane-management-system-main\app\actions-runner\bin'
[2025-05-12 11:17:13Z INFO HostContext] Well known directory 'Root': 'D:\Projects\airplane-management-system-main\airplane-management-system-main\app\actions-runner'
[2025-05-12 11:17:13Z INFO HostContext] Well known config file 'Credentials': 'D:\Projects\airplane-management-system-main\airplane-management-system-main\app\actions-runner\.credentials'
[2025-05-12 11:17:13Z INFO ConfigurationStore] CredFilePath: D:\Projects\airplane-management-system-main\airplane-management-system-main\app\actions-runner\.credentials
[2025-05-12 11:17:13Z INFO HostContext] Well known directory 'Bin': 'D:\Projects\airplane-management-system-main\airplane-management-system-main\app\actions-runner\bin'
[2025-05-12 11:17:13Z INFO HostContext] Well known directory 'Root': 'D:\Projects\airplane-management-system-main\airplane-management-system-main\app\actions-runner'
[2025-05-12 11:17:13Z INFO HostContext] Well known config file 'MigratedCredentials': 'D:\Projects\airplane-management-system-main\airplane-management-system-main\app\actions-runner\.credentials_migrated'
[2025-05-12 11:17:13Z INFO ConfigurationStore] MigratedCredFilePath: D:\Projects\airplane-management-system-main\airplane-management-system-main\app\actions-runner\.credentials_migrated
[2025-05-12 11:17:13Z INFO HostContext] Well known directory 'Bin': 'D:\Projects\airplane-management-system-main\airplane-management-system-main\app\actions-runner\bin'
[2025-05-12 11:17:13Z INFO HostContext] Well known directory 'Root': 'D:\Projects\airplane-management-system-main\airplane-management-system-main\app\actions-runner'
[2025-05-12 11:17:13Z INFO HostContext] Well known config file 'Service': 'D:\Projects\airplane-management-system-main\airplane-management-system-main\app\actions-runner\.service'
[2025-05-12 11:17:13Z INFO ConfigurationStore] ServiceConfigFilePath: D:\Projects\airplane-management-system-main\airplane-management-system-main\app\actions-runner\.service
[2025-05-12 11:17:13Z INFO CommandSettings] Flag 'help': 'False'
[2025-05-12 11:17:13Z INFO CommandSettings] Flag 'version': 'False'
[2025-05-12 11:17:13Z INFO CommandSettings] Flag 'commit': 'False'
[2025-05-12 11:17:13Z INFO CommandSettings] Flag 'check': 'False'
[2025-05-12 11:17:13Z INFO CommandSettings] Command 'configure': 'True'
[2025-05-12 11:17:13Z INFO Terminal] WRITE LINE: 
[2025-05-12 11:17:13Z INFO Terminal] WRITE LINE: --------------------------------------------------------------------------------
[2025-05-12 11:17:13Z INFO Terminal] WRITE LINE: |        ____ _ _   _   _       _          _        _   _                      |
[2025-05-12 11:17:13Z INFO Terminal] WRITE LINE: |       / ___(_) |_| | | |_   _| |__      / \   ___| |_(_) ___  _ __  ___      |
[2025-05-12 11:17:13Z INFO Terminal] WRITE LINE: |      | |  _| | __| |_| | | | | '_ \    / _ \ / __| __| |/ _ \| '_ \/ __|     |
[2025-05-12 11:17:13Z INFO Terminal] WRITE LINE: |      | |_| | | |_|  _  | |_| | |_) |  / ___ \ (__| |_| | (_) | | | \__ \     |
[2025-05-12 11:17:13Z INFO Terminal] WRITE LINE: |       \____|_|\__|_| |_|\__,_|_.__/  /_/   \_\___|\__|_|\___/|_| |_|___/     |
[2025-05-12 11:17:13Z INFO Terminal] WRITE LINE: |                                                                              |
[2025-05-12 11:17:13Z INFO Terminal] WRITE: |                       
[2025-05-12 11:17:13Z INFO Terminal] WRITE: Self-hosted runner registration
[2025-05-12 11:17:13Z INFO Terminal] WRITE LINE:                         |
[2025-05-12 11:17:13Z INFO Terminal] WRITE LINE: |                                                                              |
[2025-05-12 11:17:13Z INFO Terminal] WRITE LINE: --------------------------------------------------------------------------------
[2025-05-12 11:17:13Z INFO ConfigurationManager] ConfigureAsync
[2025-05-12 11:17:13Z INFO CommandSettings] Flag 'generateServiceConfig': 'False'
[2025-05-12 11:17:13Z INFO ConfigurationStore] IsConfigured()
[2025-05-12 11:17:13Z INFO ConfigurationStore] IsConfigured: False
[2025-05-12 11:17:13Z INFO ConfigurationManager] Is configured: False
[2025-05-12 11:17:13Z INFO CommandSettings] Arg 'url': 'https://github.com/starxninja/Air-Fleet-Main'
[2025-05-12 11:17:13Z INFO CommandSettings] Remove url from Arg dictionary.
[2025-05-12 11:17:13Z INFO CommandSettings] Arg 'token': '***'
[2025-05-12 11:17:13Z INFO CommandSettings] Remove token from Arg dictionary.
[2025-05-12 11:17:14Z INFO ConfigurationManager] Http response code: OK from 'POST https://api.github.com/actions/runner-registration' (E2E1:3692B8:F103DC:14BCA55:6821D8BE)
[2025-05-12 11:17:14Z INFO ConfigurationManager] Using V2 flow: False
[2025-05-12 11:17:14Z INFO ConfigurationManager] cred retrieved via GitHub auth
[2025-05-12 11:17:14Z INFO RunnerServer] EstablishVssConnection
[2025-05-12 11:17:14Z INFO RunnerServer] Establish connection with 100 seconds timeout.
[2025-05-12 11:17:14Z INFO GitHubActionsService] Starting operation Location.GetConnectionData
[2025-05-12 11:17:14Z INFO RunnerServer] EstablishVssConnection
[2025-05-12 11:17:14Z INFO RunnerServer] Establish connection with 60 seconds timeout.
[2025-05-12 11:17:14Z INFO GitHubActionsService] Starting operation Location.GetConnectionData
[2025-05-12 11:17:14Z INFO RunnerServer] EstablishVssConnection
[2025-05-12 11:17:14Z INFO RunnerServer] Establish connection with 60 seconds timeout.
[2025-05-12 11:17:14Z INFO GitHubActionsService] Starting operation Location.GetConnectionData
[2025-05-12 11:17:15Z INFO GitHubActionsService] Finished operation Location.GetConnectionData
[2025-05-12 11:17:15Z INFO GitHubActionsService] Finished operation Location.GetConnectionData
[2025-05-12 11:17:15Z INFO GitHubActionsService] Finished operation Location.GetConnectionData
[2025-05-12 11:17:15Z INFO Terminal] WRITE LINE: 
[2025-05-12 11:17:15Z INFO ConfigurationManager] Test Connection complete.
[2025-05-12 11:17:15Z INFO HostContext] Well known directory 'Bin': 'D:\Projects\airplane-management-system-main\airplane-management-system-main\app\actions-runner\bin'
[2025-05-12 11:17:15Z INFO HostContext] Well known directory 'Root': 'D:\Projects\airplane-management-system-main\airplane-management-system-main\app\actions-runner'
[2025-05-12 11:17:15Z INFO HostContext] Well known config file 'RSACredentials': 'D:\Projects\airplane-management-system-main\airplane-management-system-main\app\actions-runner\.credentials_rsaparams'
[2025-05-12 11:17:15Z INFO RSAEncryptedFileKeyManager] Creating new RSA key using 2048-bit key length
[2025-05-12 11:17:15Z INFO RSAEncryptedFileKeyManager] Successfully saved RSA key parameters to file D:\Projects\airplane-management-system-main\airplane-management-system-main\app\actions-runner\.credentials_rsaparams
[2025-05-12 11:17:16Z INFO CommandSettings] Arg 'runnergroup': ''
[2025-05-12 11:17:16Z INFO CommandSettings] Flag 'unattended': 'False'
[2025-05-12 11:17:16Z INFO PromptManager] ReadValue
[2025-05-12 11:17:16Z INFO Terminal] WRITE: Enter the name of the runner group to add this runner to: 
[2025-05-12 11:17:16Z INFO Terminal] WRITE: [press Enter for Default] 
[2025-05-12 11:17:16Z INFO Terminal] READ LINE
[2025-05-12 11:17:46Z INFO Terminal] Read value: ''
[2025-05-12 11:17:46Z INFO PromptManager] Falling back to the default: 'Default'
[2025-05-12 11:17:46Z INFO Terminal] WRITE LINE: 
[2025-05-12 11:17:46Z INFO ConfigurationManager] Found a self-hosted runner group with id 1 and name Default
[2025-05-12 11:17:46Z INFO CommandSettings] Flag 'disableupdate': 'False'
[2025-05-12 11:17:46Z INFO CommandSettings] Flag 'ephemeral': 'False'
[2025-05-12 11:17:46Z INFO CommandSettings] Arg 'name': ''
[2025-05-12 11:17:46Z INFO CommandSettings] Flag 'unattended': 'False'
[2025-05-12 11:17:46Z INFO PromptManager] ReadValue
[2025-05-12 11:17:46Z INFO Terminal] WRITE: Enter the name of runner: 
[2025-05-12 11:17:46Z INFO Terminal] WRITE: [press Enter for DESKTOP-CI4NNMN] 
[2025-05-12 11:17:46Z INFO Terminal] READ LINE
[2025-05-12 11:17:46Z INFO Terminal] Read value: ''
[2025-05-12 11:17:46Z INFO PromptManager] Falling back to the default: 'DESKTOP-CI4NNMN'
[2025-05-12 11:17:46Z INFO Terminal] WRITE LINE: 
[2025-05-12 11:17:46Z INFO CommandSettings] Arg 'labels': ''
[2025-05-12 11:17:46Z INFO CommandSettings] Flag 'unattended': 'False'
[2025-05-12 11:17:46Z INFO PromptManager] ReadValue
[2025-05-12 11:17:46Z INFO Terminal] WRITE: This runner will have the following labels: 'self-hosted', 'Windows', 'X64' 
Enter any additional labels (ex. label-1,label-2): 
[2025-05-12 11:17:46Z INFO Terminal] WRITE: [press Enter to skip] 
[2025-05-12 11:17:46Z INFO Terminal] READ LINE
[2025-05-12 11:17:48Z INFO Terminal] Read value: ''
[2025-05-12 11:17:48Z INFO Terminal] WRITE LINE: 
[2025-05-12 11:17:48Z INFO CommandSettings] Flag 'disableupdate': 'False'
[2025-05-12 11:17:48Z INFO CommandSettings] Flag 'no-default-labels': 'False'
[2025-05-12 11:17:49Z INFO CommandSettings] Flag 'disableupdate': 'False'
[2025-05-12 11:17:49Z INFO CommandSettings] Flag 'ephemeral': 'False'
[2025-05-12 11:17:49Z INFO ConfigurationStore] Saving OAuth credential @ D:\Projects\airplane-management-system-main\airplane-management-system-main\app\actions-runner\.credentials
[2025-05-12 11:17:49Z INFO ConfigurationStore] Credentials Saved.
[2025-05-12 11:17:49Z INFO ConfigurationStore] HasCredentials()
[2025-05-12 11:17:49Z INFO ConfigurationStore] stored True
[2025-05-12 11:17:49Z INFO CredentialManager] GetCredentialProvider
[2025-05-12 11:17:49Z INFO CredentialManager] Creating type OAuth
[2025-05-12 11:17:49Z INFO CredentialManager] Creating credential type: OAuth
[2025-05-12 11:17:49Z INFO RSAEncryptedFileKeyManager] Loading RSA key parameters from file D:\Projects\airplane-management-system-main\airplane-management-system-main\app\actions-runner\.credentials_rsaparams
[2025-05-12 11:17:49Z INFO RunnerServer] EstablishVssConnection
[2025-05-12 11:17:49Z INFO RunnerServer] Establish connection with 100 seconds timeout.
[2025-05-12 11:17:49Z INFO GitHubActionsService] Starting operation Location.GetConnectionData
[2025-05-12 11:17:49Z INFO RunnerServer] EstablishVssConnection
[2025-05-12 11:17:49Z INFO RunnerServer] Establish connection with 60 seconds timeout.
[2025-05-12 11:17:49Z INFO GitHubActionsService] Starting operation Location.GetConnectionData
[2025-05-12 11:17:49Z INFO RunnerServer] EstablishVssConnection
[2025-05-12 11:17:49Z INFO RunnerServer] Establish connection with 60 seconds timeout.
[2025-05-12 11:17:49Z INFO GitHubActionsService] Starting operation Location.GetConnectionData
[2025-05-12 11:17:50Z INFO GitHubActionsService] Finished operation Location.GetConnectionData
[2025-05-12 11:17:50Z INFO GitHubActionsService] Finished operation Location.GetConnectionData
[2025-05-12 11:17:50Z INFO GitHubActionsService] Finished operation Location.GetConnectionData
[2025-05-12 11:17:50Z INFO RSAEncryptedFileKeyManager] Loading RSA key parameters from file D:\Projects\airplane-management-system-main\airplane-management-system-main\app\actions-runner\.credentials_rsaparams
[2025-05-12 11:17:50Z INFO RSAEncryptedFileKeyManager] Loading RSA key parameters from file D:\Projects\airplane-management-system-main\airplane-management-system-main\app\actions-runner\.credentials_rsaparams
[2025-05-12 11:17:51Z INFO GitHubActionsService] AAD Correlation ID for this token request: Unknown
[2025-05-12 11:17:52Z INFO CommandSettings] Arg 'work': ''
[2025-05-12 11:17:52Z INFO CommandSettings] Flag 'unattended': 'False'
[2025-05-12 11:17:52Z INFO PromptManager] ReadValue
[2025-05-12 11:17:52Z INFO Terminal] WRITE: Enter name of work folder: 
[2025-05-12 11:17:52Z INFO Terminal] WRITE: [press Enter for _work] 
[2025-05-12 11:17:52Z INFO Terminal] READ LINE
[2025-05-12 11:17:54Z INFO Terminal] Read value: ''
[2025-05-12 11:17:54Z INFO PromptManager] Falling back to the default: '_work'
[2025-05-12 11:17:54Z INFO ConfigurationStore] Saving runner settings.
[2025-05-12 11:17:54Z INFO ConfigurationStore] Settings Saved.
[2025-05-12 11:17:54Z INFO Terminal] WRITE LINE: 
[2025-05-12 11:17:54Z INFO Terminal] WRITE LINE: 
[2025-05-12 11:17:54Z INFO CommandSettings] Flag 'runasservice': 'False'
[2025-05-12 11:17:54Z INFO CommandSettings] Flag 'unattended': 'False'
[2025-05-12 11:17:54Z INFO PromptManager] ReadValue
[2025-05-12 11:17:54Z INFO Terminal] WRITE: Would you like to run the runner as service? (Y/N) 
[2025-05-12 11:17:54Z INFO Terminal] WRITE: [press Enter for N] 
[2025-05-12 11:17:54Z INFO Terminal] READ LINE
[2025-05-12 11:19:14Z INFO Terminal] Read value: ''
[2025-05-12 11:19:14Z INFO PromptManager] Falling back to the default: 'N'
[2025-05-12 11:19:14Z INFO Listener] Runner execution has finished with return code 0
